This is pdfTeX, Version 3.141592653-2.6-1.40.25 (MiKTeX 24.1) (preloaded format=pdflatex 2025.8.4)  21 AUG 2025 15:45
entering extended mode
 restricted \write18 enabled.
 %&-line parsing enabled.
**./MScResearchWorkL.tex
(MScResearchWorkL.tex
LaTeX2e <2023-11-01> patch level 1
L3 programming layer <2024-01-04>
(C:\Users\joshc\AppData\Local\Programs\MiKTeX\tex/latex/base\report.cls
Document Class: report 2023/05/17 v1.4n Standard LaTeX document class
(C:\Users\joshc\AppData\Local\Programs\MiKTeX\tex/latex/base\size12.clo
File: size12.clo 2023/05/17 v1.4n Standard LaTeX file (size option)
)
\c@part=\count187
\c@chapter=\count188
\c@section=\count189
\c@subsection=\count190
\c@subsubsection=\count191
\c@paragraph=\count192
\c@subparagraph=\count193
\c@figure=\count194
\c@table=\count195
\abovecaptionskip=\skip48
\belowcaptionskip=\skip49
\bibindent=\dimen140
)
(C:\Users\joshc\AppData\Local\Programs\MiKTeX\tex/latex/base\inputenc.sty
Package: inputenc 2021/02/14 v1.3d Input encoding file
\inpenc@prehook=\toks17
\inpenc@posthook=\toks18
)
(C:\Users\joshc\AppData\Local\Programs\MiKTeX\tex/latex/graphics\graphicx.sty
Package: graphicx 2021/09/16 v1.2d Enhanced LaTeX Graphics (DPC,SPQR)

(C:\Users\joshc\AppData\Local\Programs\MiKTeX\tex/latex/graphics\keyval.sty
Package: keyval 2022/05/29 v1.15 key=value parser (DPC)
\KV@toks@=\toks19
)
(C:\Users\joshc\AppData\Local\Programs\MiKTeX\tex/latex/graphics\graphics.sty
Package: graphics 2022/03/10 v1.4e Standard LaTeX Graphics (DPC,SPQR)

(C:\Users\joshc\AppData\Local\Programs\MiKTeX\tex/latex/graphics\trig.sty
Package: trig 2021/08/11 v1.11 sin cos tan (DPC)
)
(C:\Users\joshc\AppData\Local\Programs\MiKTeX\tex/latex/graphics-cfg\graphics.c
fg
File: graphics.cfg 2016/06/04 v1.11 sample graphics configuration
)
Package graphics Info: Driver file: pdftex.def on input line 107.

(C:\Users\joshc\AppData\Local\Programs\MiKTeX\tex/latex/graphics-def\pdftex.def
File: pdftex.def 2022/09/22 v1.2b Graphics/color driver for pdftex
))
\Gin@req@height=\dimen141
\Gin@req@width=\dimen142
) (C:\Users\joshc\AppData\Local\Programs\MiKTeX\tex/latex/amsmath\amsmath.sty
Package: amsmath 2023/05/13 v2.17o AMS math features
\@mathmargin=\skip50
For additional information on amsmath, use the `?' option.
(C:\Users\joshc\AppData\Local\Programs\MiKTeX\tex/latex/amsmath\amstext.sty
Package: amstext 2021/08/26 v2.01 AMS text

(C:\Users\joshc\AppData\Local\Programs\MiKTeX\tex/latex/amsmath\amsgen.sty
File: amsgen.sty 1999/11/30 v2.0 generic functions
\@emptytoks=\toks20
\ex@=\dimen143
))
(C:\Users\joshc\AppData\Local\Programs\MiKTeX\tex/latex/amsmath\amsbsy.sty
Package: amsbsy 1999/11/29 v1.2d Bold Symbols
\pmbraise@=\dimen144
)
(C:\Users\joshc\AppData\Local\Programs\MiKTeX\tex/latex/amsmath\amsopn.sty
Package: amsopn 2022/04/08 v2.04 operator names
)
\inf@bad=\count196
LaTeX Info: Redefining \frac on input line 234.
\uproot@=\count197
\leftroot@=\count198
LaTeX Info: Redefining \overline on input line 399.
LaTeX Info: Redefining \colon on input line 410.
\classnum@=\count199
\DOTSCASE@=\count266
LaTeX Info: Redefining \ldots on input line 496.
LaTeX Info: Redefining \dots on input line 499.
LaTeX Info: Redefining \cdots on input line 620.
\Mathstrutbox@=\box51
\strutbox@=\box52
LaTeX Info: Redefining \big on input line 722.
LaTeX Info: Redefining \Big on input line 723.
LaTeX Info: Redefining \bigg on input line 724.
LaTeX Info: Redefining \Bigg on input line 725.
\big@size=\dimen145
LaTeX Font Info:    Redeclaring font encoding OML on input line 743.
LaTeX Font Info:    Redeclaring font encoding OMS on input line 744.
\macc@depth=\count267
LaTeX Info: Redefining \bmod on input line 905.
LaTeX Info: Redefining \pmod on input line 910.
LaTeX Info: Redefining \smash on input line 940.
LaTeX Info: Redefining \relbar on input line 970.
LaTeX Info: Redefining \Relbar on input line 971.
\c@MaxMatrixCols=\count268
\dotsspace@=\muskip16
\c@parentequation=\count269
\dspbrk@lvl=\count270
\tag@help=\toks21
\row@=\count271
\column@=\count272
\maxfields@=\count273
\andhelp@=\toks22
\eqnshift@=\dimen146
\alignsep@=\dimen147
\tagshift@=\dimen148
\tagwidth@=\dimen149
\totwidth@=\dimen150
\lineht@=\dimen151
\@envbody=\toks23
\multlinegap=\skip51
\multlinetaggap=\skip52
\mathdisplay@stack=\toks24
LaTeX Info: Redefining \[ on input line 2953.
LaTeX Info: Redefining \] on input line 2954.
)
(C:\Users\joshc\AppData\Local\Programs\MiKTeX\tex/latex/booktabs\booktabs.sty
Package: booktabs 2020/01/12 v1.61803398 Publication quality tables
\heavyrulewidth=\dimen152
\lightrulewidth=\dimen153
\cmidrulewidth=\dimen154
\belowrulesep=\dimen155
\belowbottomsep=\dimen156
\aboverulesep=\dimen157
\abovetopsep=\dimen158
\cmidrulesep=\dimen159
\cmidrulekern=\dimen160
\defaultaddspace=\dimen161
\@cmidla=\count274
\@cmidlb=\count275
\@aboverulesep=\dimen162
\@belowrulesep=\dimen163
\@thisruleclass=\count276
\@lastruleclass=\count277
\@thisrulewidth=\dimen164
)
(C:\Users\joshc\AppData\Local\Programs\MiKTeX\tex/latex/caption\caption.sty
Package: caption 2023/08/05 v3.6o Customizing captions (AR)

(C:\Users\joshc\AppData\Local\Programs\MiKTeX\tex/latex/caption\caption3.sty
Package: caption3 2023/07/31 v2.4d caption3 kernel (AR)
\caption@tempdima=\dimen165
\captionmargin=\dimen166
\caption@leftmargin=\dimen167
\caption@rightmargin=\dimen168
\caption@width=\dimen169
\caption@indent=\dimen170
\caption@parindent=\dimen171
\caption@hangindent=\dimen172
Package caption Info: Standard document class detected.
)
\c@caption@flags=\count278
\c@continuedfloat=\count279
)
(C:\Users\joshc\AppData\Local\Programs\MiKTeX\tex/latex/caption\subcaption.sty
Package: subcaption 2023/07/28 v1.6b Sub-captions (AR)
Package caption Info: New subtype `subfigure' on input line 238.
\c@subfigure=\count280
Package caption Info: New subtype `subtable' on input line 238.
\c@subtable=\count281
) (C:\Users\joshc\AppData\Local\Programs\MiKTeX\tex/latex/setspace\setspace.sty
Package: setspace 2022/12/04 v6.7b set line spacing
) (C:\Users\joshc\AppData\Local\Programs\MiKTeX\tex/latex/geometry\geometry.sty
Package: geometry 2020/01/02 v5.9 Page Geometry

(C:\Users\joshc\AppData\Local\Programs\MiKTeX\tex/generic/iftex\ifvtex.sty
Package: ifvtex 2019/10/25 v1.7 ifvtex legacy package. Use iftex instead.

(C:\Users\joshc\AppData\Local\Programs\MiKTeX\tex/generic/iftex\iftex.sty
Package: iftex 2022/02/03 v1.0f TeX engine tests
))
\Gm@cnth=\count282
\Gm@cntv=\count283
\c@Gm@tempcnt=\count284
\Gm@bindingoffset=\dimen173
\Gm@wd@mp=\dimen174
\Gm@odd@mp=\dimen175
\Gm@even@mp=\dimen176
\Gm@layoutwidth=\dimen177
\Gm@layoutheight=\dimen178
\Gm@layouthoffset=\dimen179
\Gm@layoutvoffset=\dimen180
\Gm@dimlist=\toks25

(C:\Users\joshc\AppData\Local\Programs\MiKTeX\tex/latex/geometry\geometry.cfg))
(C:\Users\joshc\AppData\Local\Programs\MiKTeX\tex/latex/placeins\placeins.sty
Package: placeins 2005/04/18  v 2.2
)
(C:\Users\joshc\AppData\Local\Programs\MiKTeX\tex/latex/float\float.sty
Package: float 2001/11/08 v1.3d Float enhancements (AL)
\c@float@type=\count285
\float@exts=\toks26
\float@box=\box53
\@float@everytoks=\toks27
\@floatcapt=\box54
)
(C:\Users\joshc\AppData\Local\Programs\MiKTeX\tex/latex/physics\physics.sty
Package: physics 

(C:\Users\joshc\AppData\Local\Programs\MiKTeX\tex/latex/l3packages/xparse\xpars
e.sty
(C:\Users\joshc\AppData\Local\Programs\MiKTeX\tex/latex/l3kernel\expl3.sty
Package: expl3 2024-01-04 L3 programming layer (loader) 

(C:\Users\joshc\AppData\Local\Programs\MiKTeX\tex/latex/l3backend\l3backend-pdf
tex.def
File: l3backend-pdftex.def 2024-01-04 L3 backend support: PDF output (pdfTeX)
\l__color_backend_stack_int=\count286
\l__pdf_internal_box=\box55
))
Package: xparse 2023-10-10 L3 Experimental document command parser
))
(C:\Users\joshc\AppData\Local\Programs\MiKTeX\tex/latex/tools\afterpage.sty
Package: afterpage 2023/07/04 v1.08 After-Page Package (DPC)
\AP@output=\toks28
\AP@partial=\box56
\AP@footins=\box57
)
(MScResearchWorkL.aux

LaTeX Warning: Label `fig:velocity_dist' multiply defined.


LaTeX Warning: Label `fig:brightsolitonprofile' multiply defined.


LaTeX Warning: Label `fig:brightsolitonprofile' multiply defined.


LaTeX Warning: Label `eq:dark_param1' multiply defined.


LaTeX Warning: Label `eq:dark_param2' multiply defined.


LaTeX Warning: Label `eq:dark_param3' multiply defined.


LaTeX Warning: Label `eq:dark_param4' multiply defined.


LaTeX Warning: Label `eq:dark_velocity' multiply defined.


LaTeX Warning: Label `fig:brightsoliton' multiply defined.


LaTeX Warning: Label `fig:brightsoliton' multiply defined.


LaTeX Warning: Label `fig:brightsoliton' multiply defined.


LaTeX Warning: Label `fig:brightsoliton' multiply defined.


LaTeX Warning: Label `fig:brightsoliton' multiply defined.


LaTeX Warning: Label `fig:brightsoliton' multiply defined.


LaTeX Warning: Label `fig:brightsoliton' multiply defined.


LaTeX Warning: Label `fig:brightsoliton' multiply defined.


LaTeX Warning: Label `fig:brightsoliton' multiply defined.


LaTeX Warning: Label `fig:brightsoliton' multiply defined.


LaTeX Warning: Label `fig:brightsoliton' multiply defined.


LaTeX Warning: Label `fig:brightsoliton' multiply defined.


LaTeX Warning: Label `fig:brightsoliton' multiply defined.


LaTeX Warning: Label `fig:brightsoliton' multiply defined.


LaTeX Warning: Label `fig:brightsoliton' multiply defined.


LaTeX Warning: Label `fig:brightsoliton' multiply defined.


LaTeX Warning: Label `fig:brightsoliton' multiply defined.


LaTeX Warning: Label `fig:brightsoliton' multiply defined.

)
\openout1 = `MScResearchWorkL.aux'.

LaTeX Font Info:    Checking defaults for OML/cmm/m/it on input line 25.
LaTeX Font Info:    ... okay on input line 25.
LaTeX Font Info:    Checking defaults for OMS/cmsy/m/n on input line 25.
LaTeX Font Info:    ... okay on input line 25.
LaTeX Font Info:    Checking defaults for OT1/cmr/m/n on input line 25.
LaTeX Font Info:    ... okay on input line 25.
LaTeX Font Info:    Checking defaults for T1/cmr/m/n on input line 25.
LaTeX Font Info:    ... okay on input line 25.
LaTeX Font Info:    Checking defaults for TS1/cmr/m/n on input line 25.
LaTeX Font Info:    ... okay on input line 25.
LaTeX Font Info:    Checking defaults for OMX/cmex/m/n on input line 25.
LaTeX Font Info:    ... okay on input line 25.
LaTeX Font Info:    Checking defaults for U/cmr/m/n on input line 25.
LaTeX Font Info:    ... okay on input line 25.

(C:\Users\joshc\AppData\Local\Programs\MiKTeX\tex/context/base/mkii\supp-pdf.mk
ii
[Loading MPS to PDF converter (version 2006.09.02).]
\scratchcounter=\count287
\scratchdimen=\dimen181
\scratchbox=\box58
\nofMPsegments=\count288
\nofMParguments=\count289
\everyMPshowfont=\toks29
\MPscratchCnt=\count290
\MPscratchDim=\dimen182
\MPnumerator=\count291
\makeMPintoPDFobject=\count292
\everyMPtoPDFconversion=\toks30
)
(C:\Users\joshc\AppData\Local\Programs\MiKTeX\tex/latex/epstopdf-pkg\epstopdf-b
ase.sty
Package: epstopdf-base 2020-01-24 v2.11 Base part for package epstopdf
Package epstopdf-base Info: Redefining graphics rule for `.eps' on input line 4
85.

(C:\Users\joshc\AppData\Local\Programs\MiKTeX\tex/latex/00miktex\epstopdf-sys.c
fg
File: epstopdf-sys.cfg 2021/03/18 v2.0 Configuration of epstopdf for MiKTeX
))
Package caption Info: Begin \AtBeginDocument code.
Package caption Info: float package is loaded.
Package caption Info: End \AtBeginDocument code.

*geometry* driver: auto-detecting
*geometry* detected driver: pdftex
*geometry* verbose mode - [ preamble ] result:
* driver: pdftex
* paper: a4paper
* layout: <same size as paper>
* layoutoffset:(h,v)=(0.0pt,0.0pt)
* modes: 
* h-part:(L,W,R)=(72.26999pt, 452.9679pt, 72.26999pt)
* v-part:(T,H,B)=(72.26999pt, 700.50687pt, 72.26999pt)
* \paperwidth=597.50787pt
* \paperheight=845.04684pt
* \textwidth=452.9679pt
* \textheight=700.50687pt
* \oddsidemargin=0.0pt
* \evensidemargin=0.0pt
* \topmargin=-37.0pt
* \headheight=12.0pt
* \headsep=25.0pt
* \topskip=12.0pt
* \footskip=30.0pt
* \marginparwidth=35.0pt
* \marginparsep=10.0pt
* \columnsep=10.0pt
* \skip\footins=10.8pt plus 4.0pt minus 2.0pt
* \hoffset=0.0pt
* \voffset=0.0pt
* \mag=1000
* \@twocolumnfalse
* \@twosidefalse
* \@mparswitchfalse
* \@reversemarginfalse
* (1in=72.27pt=25.4mm, 1cm=28.453pt)

<C:/Users/joshc/OneDrive/Desktop/MScProject/Results/Plots_Numerical/AfricanU.pn
g, id=1, 358.33875pt x 351.56343pt>
File: C:/Users/joshc/OneDrive/Desktop/MScProject/Results/Plots_Numerical/Africa
nU.png Graphic file (type png)
<use C:/Users/joshc/OneDrive/Desktop/MScProject/Results/Plots_Numerical/African
U.png>
Package pdftex.def Info: C:/Users/joshc/OneDrive/Desktop/MScProject/Results/Plo
ts_Numerical/AfricanU.png  used on input line 45.
(pdftex.def)             Requested size: 90.5922pt x 88.87769pt.
[1

{C:/Users/joshc/AppData/Local/MiKTeX/fonts/map/pdftex/pdftex.map} <C:/Users/jos
hc/OneDrive/Desktop/MScProject/Results/Plots_Numerical/AfricanU.png>]
[1] [1

] [2

] (MScResearchWorkL.toc [3

])
\tf@toc=\write3
\openout3 = `MScResearchWorkL.toc'.

 [4]
Chapter 1.

Underfull \hbox (badness 10000) in paragraph at lines 72--73

 []

[5

]
Underfull \hbox (badness 10000) in paragraph at lines 77--78

 []

[6]
Chapter 2.
<C:/Users/joshc/OneDrive/Desktop/MScProject/Results/Plots_Numerical/Bosee.png, 
id=36, 496.85625pt x 328.22626pt>
File: C:/Users/joshc/OneDrive/Desktop/MScProject/Results/Plots_Numerical/Bosee.
png Graphic file (type png)
<use C:/Users/joshc/OneDrive/Desktop/MScProject/Results/Plots_Numerical/Bosee.p
ng>
Package pdftex.def Info: C:/Users/joshc/OneDrive/Desktop/MScProject/Results/Plo
ts_Numerical/Bosee.png  used on input line 93.
(pdftex.def)             Requested size: 317.07614pt x 209.46307pt.
<C:/Users/joshc/OneDrive/Desktop/MScProject/Results/Plots_Numerical/Bose2.png, 
id=37, 426.84468pt x 224.33812pt>
File: C:/Users/joshc/OneDrive/Desktop/MScProject/Results/Plots_Numerical/Bose2.
png Graphic file (type png)
<use C:/Users/joshc/OneDrive/Desktop/MScProject/Results/Plots_Numerical/Bose2.p
ng>
Package pdftex.def Info: C:/Users/joshc/OneDrive/Desktop/MScProject/Results/Plo
ts_Numerical/Bose2.png  used on input line 99.
(pdftex.def)             Requested size: 317.07614pt x 166.65799pt.
[7

] [8 <C:/Users/joshc/OneDrive/Desktop/MScProject/Results/Plots_Numerical/Bosee.
png> <C:/Users/joshc/OneDrive/Desktop/MScProject/Results/Plots_Numerical/Bose2.
png>]
Overfull \hbox (58.01237pt too wide) detected at line 131
[]\OML/cmm/m/it/12 L \OT1/cmr/m/n/12 = [][] [] \OML/cmm/m/it/12 d\OT1/cmr/bx/n/
12 r[] []
 []

[9] [10] [11] [12] [13]
Underfull \hbox (badness 10000) in paragraph at lines 236--237

 []

[14] [15]
Overfull \hbox (22.08586pt too wide) in paragraph at lines 312--312
[]\OT1/cmr/bx/n/17.28 Hydrodynamic For-mu-la-tion of the Gross--Pitaevskii
 []

[16]
Underfull \hbox (badness 10000) in paragraph at lines 363--364

 []

[17]
Underfull \hbox (badness 10000) in paragraph at lines 365--366

 []


Underfull \hbox (badness 10000) in paragraph at lines 367--368

 []


Underfull \hbox (badness 10000) in paragraph at lines 369--370

 []


Underfull \hbox (badness 10000) in paragraph at lines 371--372

 []


Underfull \hbox (badness 10000) in paragraph at lines 374--375

 []

[18]
Underfull \hbox (badness 10000) in paragraph at lines 376--377

 []


Underfull \hbox (badness 10000) in paragraph at lines 381--382

 []

[19] [20]
Chapter 3.
[21

] [22]
Overfull \hbox (33.74661pt too wide) in paragraph at lines 489--493
\OT1/cmr/m/n/12 where $\OML/cmm/m/it/12 P[]$ \OT1/cmr/m/n/12 de-notes the trigo
no-met-ric poly-no-mial in-ter-po-lat-ing $(\OML/cmm/m/it/12 x[]; ^^R[]\OT1/cmr
/m/n/12 )\OML/cmm/m/it/12 ; \OT1/cmr/m/n/12 (\OML/cmm/m/it/12 x[]; ^^R[]\OT1/cm
r/m/n/12 )\OML/cmm/m/it/12 ; [] ; \OT1/cmr/m/n/12 (\OML/cmm/m/it/12 x[]; ^^R[]\
OT1/cmr/m/n/12 )$.
 []

[23] [24] [25]
Chapter 4.

Underfull \hbox (badness 10000) in paragraph at lines 537--540

 []

[26

] [27]
Overfull \hbox (23.08136pt too wide) in paragraph at lines 604--605
\OT1/cmr/m/n/12 In the con-text of a Bose--Einstein con-den-sate (BEC), the Qua
rtic--Cubic Non-lin-ear Schr^^?odinger
 []

[28]
<C:/Users/joshc/OneDrive/Desktop/MScProject/Results/Analytical/BrightSoliton/br
ight_soliton_profile.png, id=116, 847.0044pt x 413.3844pt>
File: C:/Users/joshc/OneDrive/Desktop/MScProject/Results/Analytical/BrightSolit
on/bright_soliton_profile.png Graphic file (type png)
<use C:/Users/joshc/OneDrive/Desktop/MScProject/Results/Analytical/BrightSolito
n/bright_soliton_profile.png>
Package pdftex.def Info: C:/Users/joshc/OneDrive/Desktop/MScProject/Results/Ana
lytical/BrightSoliton/bright_soliton_profile.png  used on input line 670.
(pdftex.def)             Requested size: 317.07614pt x 154.74753pt.
<C:/Users/joshc/OneDrive/Desktop/MScProject/Results/Analytical/BrightSoliton/br
ight_soliton.png, id=117, 722.7pt x 361.35pt>
File: C:/Users/joshc/OneDrive/Desktop/MScProject/Results/Analytical/BrightSolit
on/bright_soliton.png Graphic file (type png)
<use C:/Users/joshc/OneDrive/Desktop/MScProject/Results/Analytical/BrightSolito
n/bright_soliton.png>
Package pdftex.def Info: C:/Users/joshc/OneDrive/Desktop/MScProject/Results/Ana
lytical/BrightSoliton/bright_soliton.png  used on input line 677.
(pdftex.def)             Requested size: 362.37569pt x 181.18733pt.
 [29]
<C:/Users/joshc/OneDrive/Desktop/MScProject/Results/Analytical/BrightSoliton/3D
PlotBrightSoliton.png, id=122, 663.22781pt x 552.56438pt>
File: C:/Users/joshc/OneDrive/Desktop/MScProject/Results/Analytical/BrightSolit
on/3DPlotBrightSoliton.png Graphic file (type png)
<use C:/Users/joshc/OneDrive/Desktop/MScProject/Results/Analytical/BrightSolito
n/3DPlotBrightSoliton.png>
Package pdftex.def Info: C:/Users/joshc/OneDrive/Desktop/MScProject/Results/Ana
lytical/BrightSoliton/3DPlotBrightSoliton.png  used on input line 685.
(pdftex.def)             Requested size: 362.37569pt x 301.91309pt.
<C:/Users/joshc/OneDrive/Desktop/MScProject/Results/Analytical/BrightSoliton/3D
plot2BrightSoliton.png, id=123, 629.35126pt x 508.90125pt>
File: C:/Users/joshc/OneDrive/Desktop/MScProject/Results/Analytical/BrightSolit
on/3Dplot2BrightSoliton.png Graphic file (type png)
<use C:/Users/joshc/OneDrive/Desktop/MScProject/Results/Analytical/BrightSolito
n/3Dplot2BrightSoliton.png>
Package pdftex.def Info: C:/Users/joshc/OneDrive/Desktop/MScProject/Results/Ana
lytical/BrightSoliton/3Dplot2BrightSoliton.png  used on input line 691.
(pdftex.def)             Requested size: 362.37569pt x 293.01973pt.
 [30 <C:/Users/joshc/OneDrive/Desktop/MScProject/Results/Analytical/BrightSolit
on/bright_soliton_profile.png> <C:/Users/joshc/OneDrive/Desktop/MScProject/Resu
lts/Analytical/BrightSoliton/bright_soliton.png>] [31 <C:/Users/joshc/OneDrive/
Desktop/MScProject/Results/Analytical/BrightSoliton/3DPlotBrightSoliton.png> <C
:/Users/joshc/OneDrive/Desktop/MScProject/Results/Analytical/BrightSoliton/3Dpl
ot2BrightSoliton.png>] [32]
<C:/Users/joshc/OneDrive/Desktop/MScProject/Results/Analytical/DarkSoliton/dark
_soliton_propagation.png, id=137, 559.8516pt x 564.4287pt>
File: C:/Users/joshc/OneDrive/Desktop/MScProject/Results/Analytical/DarkSoliton
/dark_soliton_propagation.png Graphic file (type png)
<use C:/Users/joshc/OneDrive/Desktop/MScProject/Results/Analytical/DarkSoliton/
dark_soliton_propagation.png>
Package pdftex.def Info: C:/Users/joshc/OneDrive/Desktop/MScProject/Results/Ana
lytical/DarkSoliton/dark_soliton_propagation.png  used on input line 773.
(pdftex.def)             Requested size: 317.07614pt x 319.66931pt.
<C:/Users/joshc/OneDrive/Desktop/MScProject/Results/Analytical/DarkSoliton/dark
_soliton_threshold.png, id=138, 618.1494pt x 402.0621pt>
File: C:/Users/joshc/OneDrive/Desktop/MScProject/Results/Analytical/DarkSoliton
/dark_soliton_threshold.png Graphic file (type png)
<use C:/Users/joshc/OneDrive/Desktop/MScProject/Results/Analytical/DarkSoliton/
dark_soliton_threshold.png>
Package pdftex.def Info: C:/Users/joshc/OneDrive/Desktop/MScProject/Results/Ana
lytical/DarkSoliton/dark_soliton_threshold.png  used on input line 780.
(pdftex.def)             Requested size: 317.07614pt x 206.23914pt.
<C:/Users/joshc/OneDrive/Desktop/MScProject/Results/Analytical/DarkSoliton/dark
_soliton_profiler.png, id=139, 704.1507pt x 418.6842pt>
File: C:/Users/joshc/OneDrive/Desktop/MScProject/Results/Analytical/DarkSoliton
/dark_soliton_profiler.png Graphic file (type png)
<use C:/Users/joshc/OneDrive/Desktop/MScProject/Results/Analytical/DarkSoliton/
dark_soliton_profiler.png>
Package pdftex.def Info: C:/Users/joshc/OneDrive/Desktop/MScProject/Results/Ana
lytical/DarkSoliton/dark_soliton_profiler.png  used on input line 786.
(pdftex.def)             Requested size: 317.07614pt x 188.53392pt.
<C:/Users/joshc/OneDrive/Desktop/MScProject/Results/Analytical/DarkSoliton/dark
_soliton_profile.png, id=140, 512.3943pt x 354.3639pt>
File: C:/Users/joshc/OneDrive/Desktop/MScProject/Results/Analytical/DarkSoliton
/dark_soliton_profile.png Graphic file (type png)
<use C:/Users/joshc/OneDrive/Desktop/MScProject/Results/Analytical/DarkSoliton/
dark_soliton_profile.png>
Package pdftex.def Info: C:/Users/joshc/OneDrive/Desktop/MScProject/Results/Ana
lytical/DarkSoliton/dark_soliton_profile.png  used on input line 792.
(pdftex.def)             Requested size: 317.07614pt x 219.29239pt.
<C:/Users/joshc/OneDrive/Desktop/MScProject/Results/Analytical/DarkSoliton/3DIm
ageDarkSoliton.png, id=141, 560.0925pt x 468.24937pt>
File: C:/Users/joshc/OneDrive/Desktop/MScProject/Results/Analytical/DarkSoliton
/3DImageDarkSoliton.png Graphic file (type png)
<use C:/Users/joshc/OneDrive/Desktop/MScProject/Results/Analytical/DarkSoliton/
3DImageDarkSoliton.png>
Package pdftex.def Info: C:/Users/joshc/OneDrive/Desktop/MScProject/Results/Ana
lytical/DarkSoliton/3DImageDarkSoliton.png  used on input line 798.
(pdftex.def)             Requested size: 317.07614pt x 265.0901pt.
 [33] [34 <C:/Users/joshc/OneDrive/Desktop/MScProject/Results/Analytical/DarkSo
liton/dark_soliton_propagation.png> <C:/Users/joshc/OneDrive/Desktop/MScProject
/Results/Analytical/DarkSoliton/dark_soliton_threshold.png>] [35 <C:/Users/josh
c/OneDrive/Desktop/MScProject/Results/Analytical/DarkSoliton/dark_soliton_profi
ler.png> <C:/Users/joshc/OneDrive/Desktop/MScProject/Results/Analytical/DarkSol
iton/dark_soliton_profile.png>] [36 <C:/Users/joshc/OneDrive/Desktop/MScProject
/Results/Analytical/DarkSoliton/3DImageDarkSoliton.png>] [37]
Overfull \hbox (22.33958pt too wide) in paragraph at lines 879--880
[]\OT1/cmr/bx/n/12 Condensate and Non-Condensate Frac-tions: \OT1/cmr/m/n/12 Ev
al-u-ated from the Pen-rose{Onsager
 []

<C:/Users/joshc/OneDrive/Desktop/MScProject/Results/Plots_Numerical/BEC_density
_evolution.png, id=164, 578.16pt x 433.62pt>
File: C:/Users/joshc/OneDrive/Desktop/MScProject/Results/Plots_Numerical/BEC_de
nsity_evolution.png Graphic file (type png)
<use C:/Users/joshc/OneDrive/Desktop/MScProject/Results/Plots_Numerical/BEC_den
sity_evolution.png>
Package pdftex.def Info: C:/Users/joshc/OneDrive/Desktop/MScProject/Results/Plo
ts_Numerical/BEC_density_evolution.png  used on input line 889.
(pdftex.def)             Requested size: 317.07614pt x 237.80362pt.
[38] [39 <C:/Users/joshc/OneDrive/Desktop/MScProject/Results/Plots_Numerical/BE
C_density_evolution.png>]
*geometry* verbose mode - [ newgeometry ] result:
* driver: pdftex
* paper: a4paper
* layout: <same size as paper>
* layoutoffset:(h,v)=(0.0pt,0.0pt)
* modes: 
* h-part:(L,W,R)=(0.0pt, 597.50787pt, 0.0pt)
* v-part:(T,H,B)=(0.0pt, 845.04684pt, 0.0pt)
* \paperwidth=597.50787pt
* \paperheight=845.04684pt
* \textwidth=597.50787pt
* \textheight=845.04684pt
* \oddsidemargin=-72.26999pt
* \evensidemargin=-72.26999pt
* \topmargin=-109.26999pt
* \headheight=12.0pt
* \headsep=25.0pt
* \topskip=12.0pt
* \footskip=30.0pt
* \marginparwidth=35.0pt
* \marginparsep=10.0pt
* \columnsep=10.0pt
* \skip\footins=10.8pt plus 4.0pt minus 2.0pt
* \hoffset=0.0pt
* \voffset=0.0pt
* \mag=1000
* \@twocolumnfalse
* \@twosidefalse
* \@mparswitchfalse
* \@reversemarginfalse
* (1in=72.27pt=25.4mm, 1cm=28.453pt)

<C:/Users/joshc/OneDrive/Desktop/MScProject/Results/Plots_Numerical/all_snapsho
ts.png, id=172, 1445.4pt x 1156.32pt>
File: C:/Users/joshc/OneDrive/Desktop/MScProject/Results/Plots_Numerical/all_sn
apshots.png Graphic file (type png)
<use C:/Users/joshc/OneDrive/Desktop/MScProject/Results/Plots_Numerical/all_sna
pshots.png>
Package pdftex.def Info: C:/Users/joshc/OneDrive/Desktop/MScProject/Results/Plo
ts_Numerical/all_snapshots.png  used on input line 898.
(pdftex.def)             Requested size: 597.51405pt x 478.01125pt.
 [40


 <C:/Users/joshc/OneDrive/Desktop/MScProject/Results/Plots_Numerical/all_snapsh
ots.png>]

LaTeX Warning: Citation `Eckardt2017' on page 41 undefined on input line 906.


LaTeX Warning: Citation `Weiner2019' on page 41 undefined on input line 906.

<C:/Users/joshc/OneDrive/Desktop/MScProject/Results/Plots_Numerical/non_condens
ate_over_time.png, id=177, 578.16pt x 433.62pt>
File: C:/Users/joshc/OneDrive/Desktop/MScProject/Results/Plots_Numerical/non_co
ndensate_over_time.png Graphic file (type png)
<use C:/Users/joshc/OneDrive/Desktop/MScProject/Results/Plots_Numerical/non_con
densate_over_time.png>
Package pdftex.def Info: C:/Users/joshc/OneDrive/Desktop/MScProject/Results/Plo
ts_Numerical/non_condensate_over_time.png  used on input line 909.
(pdftex.def)             Requested size: 317.07614pt x 237.80362pt.
<C:/Users/joshc/OneDrive/Desktop/MScProject/Results/Plots_Numerical/condensate_
over_time.png, id=178, 578.16pt x 433.62pt>
File: C:/Users/joshc/OneDrive/Desktop/MScProject/Results/Plots_Numerical/conden
sate_over_time.png Graphic file (type png)
<use C:/Users/joshc/OneDrive/Desktop/MScProject/Results/Plots_Numerical/condens
ate_over_time.png>
Package pdftex.def Info: C:/Users/joshc/OneDrive/Desktop/MScProject/Results/Plo
ts_Numerical/condensate_over_time.png  used on input line 915.
(pdftex.def)             Requested size: 317.07614pt x 237.80362pt.
<C:/Users/joshc/OneDrive/Desktop/MScProject/Results/Plots_Numerical/condensate_
vs_noncondensate.png, id=179, 578.16pt x 433.62pt>
File: C:/Users/joshc/OneDrive/Desktop/MScProject/Results/Plots_Numerical/conden
sate_vs_noncondensate.png Graphic file (type png)
<use C:/Users/joshc/OneDrive/Desktop/MScProject/Results/Plots_Numerical/condens
ate_vs_noncondensate.png>
Package pdftex.def Info: C:/Users/joshc/OneDrive/Desktop/MScProject/Results/Plo
ts_Numerical/condensate_vs_noncondensate.png  used on input line 921.
(pdftex.def)             Requested size: 317.07614pt x 237.80362pt.
[41


 <C:/Users/joshc/OneDrive/Desktop/MScProject/Results/Plots_Numerical/non_conden
sate_over_time.png>] [42 <C:/Users/joshc/OneDrive/Desktop/MScProject/Results/Pl
ots_Numerical/condensate_over_time.png> <C:/Users/joshc/OneDrive/Desktop/MScPro
ject/Results/Plots_Numerical/condensate_vs_noncondensate.png>]
Underfull \hbox (badness 10000) in paragraph at lines 959--960

 []


Underfull \hbox (badness 10000) in paragraph at lines 961--962

 []

[43]
<C:/Users/joshc/OneDrive/Desktop/MScProject/Results/Plots_Numerical/energy_cont
ributions.png, id=193, 578.16pt x 433.62pt>
File: C:/Users/joshc/OneDrive/Desktop/MScProject/Results/Plots_Numerical/energy
_contributions.png Graphic file (type png)
<use C:/Users/joshc/OneDrive/Desktop/MScProject/Results/Plots_Numerical/energy_
contributions.png>
Package pdftex.def Info: C:/Users/joshc/OneDrive/Desktop/MScProject/Results/Plo
ts_Numerical/energy_contributions.png  used on input line 966.
(pdftex.def)             Requested size: 317.07614pt x 237.80362pt.
<C:/Users/joshc/OneDrive/Desktop/MScProject/Results/Plots_Numerical/energy_over
_time.png, id=194, 578.16pt x 433.62pt>
File: C:/Users/joshc/OneDrive/Desktop/MScProject/Results/Plots_Numerical/energy
_over_time.png Graphic file (type png)
<use C:/Users/joshc/OneDrive/Desktop/MScProject/Results/Plots_Numerical/energy_
over_time.png>
Package pdftex.def Info: C:/Users/joshc/OneDrive/Desktop/MScProject/Results/Plo
ts_Numerical/energy_over_time.png  used on input line 972.
(pdftex.def)             Requested size: 317.07614pt x 237.80362pt.
<C:/Users/joshc/OneDrive/Desktop/MScProject/Results/Plots_Numerical/energy_cont
ributions_vs_noncondensate.png, id=195, 578.16pt x 433.62pt>
File: C:/Users/joshc/OneDrive/Desktop/MScProject/Results/Plots_Numerical/energy
_contributions_vs_noncondensate.png Graphic file (type png)
<use C:/Users/joshc/OneDrive/Desktop/MScProject/Results/Plots_Numerical/energy_
contributions_vs_noncondensate.png>
Package pdftex.def Info: C:/Users/joshc/OneDrive/Desktop/MScProject/Results/Plo
ts_Numerical/energy_contributions_vs_noncondensate.png  used on input line 978.

(pdftex.def)             Requested size: 317.07614pt x 237.80362pt.
 [44 <C:/Users/joshc/OneDrive/Desktop/MScProject/Results/Plots_Numerical/energy
_contributions.png>]
<C:/Users/joshc/OneDrive/Desktop/MScProject/Results/Plots_Numerical/energy_vs_n
oncondensate.png, id=200, 578.16pt x 433.62pt>
File: C:/Users/joshc/OneDrive/Desktop/MScProject/Results/Plots_Numerical/energy
_vs_noncondensate.png Graphic file (type png)
<use C:/Users/joshc/OneDrive/Desktop/MScProject/Results/Plots_Numerical/energy_
vs_noncondensate.png>
Package pdftex.def Info: C:/Users/joshc/OneDrive/Desktop/MScProject/Results/Plo
ts_Numerical/energy_vs_noncondensate.png  used on input line 984.
(pdftex.def)             Requested size: 317.07614pt x 237.80362pt.
<C:/Users/joshc/OneDrive/Desktop/MScProject/Results/Plots_Numerical/energy_vs_n
oncondensate_colormap.png, id=201, 578.16pt x 433.62pt>
File: C:/Users/joshc/OneDrive/Desktop/MScProject/Results/Plots_Numerical/energy
_vs_noncondensate_colormap.png Graphic file (type png)
<use C:/Users/joshc/OneDrive/Desktop/MScProject/Results/Plots_Numerical/energy_
vs_noncondensate_colormap.png>
Package pdftex.def Info: C:/Users/joshc/OneDrive/Desktop/MScProject/Results/Plo
ts_Numerical/energy_vs_noncondensate_colormap.png  used on input line 993.
(pdftex.def)             Requested size: 317.07614pt x 237.80362pt.
 [45 <C:/Users/joshc/OneDrive/Desktop/MScProject/Results/Plots_Numerical/energy
_over_time.png> <C:/Users/joshc/OneDrive/Desktop/MScProject/Results/Plots_Numer
ical/energy_contributions_vs_noncondensate.png>]
<C:/Users/joshc/OneDrive/Desktop/MScProject/Results/Plots_Numerical/free_vs_loc
alized.png, id=207, 578.16pt x 433.62pt>
File: C:/Users/joshc/OneDrive/Desktop/MScProject/Results/Plots_Numerical/free_v
s_localized.png Graphic file (type png)
<use C:/Users/joshc/OneDrive/Desktop/MScProject/Results/Plots_Numerical/free_vs
_localized.png>
Package pdftex.def Info: C:/Users/joshc/OneDrive/Desktop/MScProject/Results/Plo
ts_Numerical/free_vs_localized.png  used on input line 999.
(pdftex.def)             Requested size: 317.07614pt x 237.80362pt.

[46 <C:/Users/joshc/OneDrive/Desktop/MScProject/Results/Plots_Numerical/energy_
vs_noncondensate.png>] [47 <C:/Users/joshc/OneDrive/Desktop/MScProject/Results/
Plots_Numerical/energy_vs_noncondensate_colormap.png>]
<C:/Users/joshc/OneDrive/Desktop/MScProject/Results/Plots_Numerical/current_ove
r_time.png, id=217, 578.16pt x 433.62pt>
File: C:/Users/joshc/OneDrive/Desktop/MScProject/Results/Plots_Numerical/curren
t_over_time.png Graphic file (type png)
<use C:/Users/joshc/OneDrive/Desktop/MScProject/Results/Plots_Numerical/current
_over_time.png>
Package pdftex.def Info: C:/Users/joshc/OneDrive/Desktop/MScProject/Results/Plo
ts_Numerical/current_over_time.png  used on input line 1007.
(pdftex.def)             Requested size: 317.07614pt x 237.80362pt.
<C:/Users/joshc/OneDrive/Desktop/MScProject/Results/Plots_Numerical/avg_current
.png, id=218, 578.16pt x 433.62pt>
File: C:/Users/joshc/OneDrive/Desktop/MScProject/Results/Plots_Numerical/avg_cu
rrent.png Graphic file (type png)
<use C:/Users/joshc/OneDrive/Desktop/MScProject/Results/Plots_Numerical/avg_cur
rent.png>
Package pdftex.def Info: C:/Users/joshc/OneDrive/Desktop/MScProject/Results/Plo
ts_Numerical/avg_current.png  used on input line 1013.
(pdftex.def)             Requested size: 317.07614pt x 237.80362pt.
 [48 <C:/Users/joshc/OneDrive/Desktop/MScProject/Results/Plots_Numerical/free_v
s_localized.png>]
Underfull \hbox (badness 10000) in paragraph at lines 1020--1021

 []

[49 <C:/Users/joshc/OneDrive/Desktop/MScProject/Results/Plots_Numerical/current
_over_time.png> <C:/Users/joshc/OneDrive/Desktop/MScProject/Results/Plots_Numer
ical/avg_current.png>]
Underfull \hbox (badness 10000) in paragraph at lines 1022--1023

 []


Underfull \hbox (badness 10000) in paragraph at lines 1024--1025

 []


Underfull \hbox (badness 10000) in paragraph at lines 1026--1027

 []

[50]
Underfull \hbox (badness 10000) in paragraph at lines 1031--1032

 []


Underfull \hbox (badness 10000) in paragraph at lines 1033--1034

 []


Underfull \hbox (badness 10000) in paragraph at lines 1035--1036

 []

[51] [52

] [53] [54] [55] [56]
Underfull \hbox (badness 4181) in paragraph at lines 1238--1239
[]\OT1/cmr/m/n/12 P^^Serez-Garc^^S^^Pa, V. M., Michinel, H., Cirac, J. I., Lewe
n-stein, M., and
 []


Underfull \hbox (badness 1270) in paragraph at lines 1238--1239
\OT1/cmr/m/n/12 Zoller, P. (1997). Dy-nam-ics of Bose-Einstein con-den-sates: V
ari-a-tional so-lu-
 []

[57] (MScResearchWorkL.aux)
 ***********
LaTeX2e <2023-11-01> patch level 1
L3 programming layer <2024-01-04>
 ***********


LaTeX Warning: There were undefined references.


LaTeX Warning: There were multiply-defined labels.

 ) 
Here is how much of TeX's memory you used:
 5422 strings out of 474486
 111042 string characters out of 5743756
 1947542 words of memory out of 5000000
 27666 multiletter control sequences out of 15000+600000
 565613 words of font info for 62 fonts, out of 8000000 for 9000
 1141 hyphenation exceptions out of 8191
 79i,12n,93p,2005b,325s stack positions out of 10000i,1000n,20000p,200000b,200000s
 <C:\Users\joshc\AppData\Local\MiKTeX\fonts/pk/ljfour/jknappen/ec/dpi600\tcrm
1200.pk><C:/Users/joshc/AppData/Local/Programs/MiKTeX/fonts/type1/public/amsfon
ts/cm/cmbx12.pfb><C:/Users/joshc/AppData/Local/Programs/MiKTeX/fonts/type1/publ
ic/amsfonts/cm/cmex10.pfb><C:/Users/joshc/AppData/Local/Programs/MiKTeX/fonts/t
ype1/public/amsfonts/cm/cmmi12.pfb><C:/Users/joshc/AppData/Local/Programs/MiKTe
X/fonts/type1/public/amsfonts/cm/cmmi6.pfb><C:/Users/joshc/AppData/Local/Progra
ms/MiKTeX/fonts/type1/public/amsfonts/cm/cmmi8.pfb><C:/Users/joshc/AppData/Loca
l/Programs/MiKTeX/fonts/type1/public/amsfonts/cm/cmr12.pfb><C:/Users/joshc/AppD
ata/Local/Programs/MiKTeX/fonts/type1/public/amsfonts/cm/cmr6.pfb><C:/Users/jos
hc/AppData/Local/Programs/MiKTeX/fonts/type1/public/amsfonts/cm/cmr8.pfb><C:/Us
ers/joshc/AppData/Local/Programs/MiKTeX/fonts/type1/public/amsfonts/cm/cmsy10.p
fb><C:/Users/joshc/AppData/Local/Programs/MiKTeX/fonts/type1/public/amsfonts/cm
/cmsy6.pfb><C:/Users/joshc/AppData/Local/Programs/MiKTeX/fonts/type1/public/ams
fonts/cm/cmsy8.pfb><C:/Users/joshc/AppData/Local/Programs/MiKTeX/fonts/type1/pu
blic/amsfonts/cm/cmti12.pfb><C:/Users/joshc/AppData/Local/Programs/MiKTeX/fonts
/type1/public/amsfonts/cm/cmtt12.pfb>
Output written on MScResearchWorkL.pdf (59 pages, 7965813 bytes).
PDF statistics:
 313 PDF objects out of 1000 (max. 8388607)
 0 named destinations out of 1000 (max. 500000)
 126 words of extra memory for PDF output out of 10000 (max. 10000000)

